<?xml version="1.0" encoding="UTF-8"?>
<gresources>
  <gresource prefix="/org/gnome/ctksourceview/tests/ui">
    <file preprocess="xml-stripblanks">test-completion.ui</file>
  </gresource>
</gresources>
